<?xml version="1.0" encoding="UTF-8"?>
<testsuite name="com.Ankita.QuantityMeasuremnet.QuantityMeasurementTestClassForTemprature" tests="1" skipped="0" failures="0" errors="0" timestamp="2021-04-25T19:32:56" hostname="DESKTOP-FCSHS5L" time="0.01">
  <properties/>
  <testcase name="When0celsius_AND_nullShouldReturnFalse" classname="com.Ankita.QuantityMeasuremnet.QuantityMeasurementTestClassForTemprature" time="0.01"/>
  <system-out><![CDATA[]]></system-out>
  <system-err><![CDATA[]]></system-err>
</testsuite>
