<?xml version="1.0" encoding="UTF-8"?>
<testsuite name="com.Ankita.QuantityMeasuremnet.QuantityMeasuremnetTestClassFinal" tests="1" skipped="0" failures="0" errors="0" timestamp="2021-04-25T12:29:24" hostname="DESKTOP-FCSHS5L" time="0.008">
  <properties/>
  <testcase name="When0cm_AND_NUllShouldReturnFalse" classname="com.Ankita.QuantityMeasuremnet.QuantityMeasuremnetTestClassFinal" time="0.008"/>
  <system-out><![CDATA[]]></system-out>
  <system-err><![CDATA[]]></system-err>
</testsuite>
