<?xml version="1.0" encoding="UTF-8"?>
<testsuite name="com.Ankita.QuantityMeasuremnet.QuantityyMeasurementTestClassForWeight" tests="1" skipped="0" failures="0" errors="0" timestamp="2021-04-25T16:21:05" hostname="DESKTOP-FCSHS5L" time="0.007">
  <properties/>
  <testcase name="When0Kilogram_AND_0gramValueShouldReturnTrue" classname="com.Ankita.QuantityMeasuremnet.QuantityyMeasurementTestClassForWeight" time="0.007"/>
  <system-out><![CDATA[]]></system-out>
  <system-err><![CDATA[]]></system-err>
</testsuite>
