<?xml version="1.0" encoding="UTF-8"?>
<testsuite name="com.Ankita.QuantityMeasuremnet.QuantityMeasuremnetTestClassFinal" tests="1" skipped="0" failures="0" errors="0" timestamp="2021-04-25T12:41:39" hostname="DESKTOP-FCSHS5L" time="0.007">
  <properties/>
  <testcase name="When2inch_Equals_5point08cmShouldReturnEquals" classname="com.Ankita.QuantityMeasuremnet.QuantityMeasuremnetTestClassFinal" time="0.007"/>
  <system-out><![CDATA[]]></system-out>
  <system-err><![CDATA[]]></system-err>
</testsuite>
