<?xml version="1.0" encoding="UTF-8"?>
<testsuite name="com.Ankita.QuantityMeasuremnet.QuantityMeasurementTestClassForVolume" tests="1" skipped="0" failures="0" errors="0" timestamp="2021-04-25T15:31:37" hostname="DESKTOP-FCSHS5L" time="0.008">
  <properties/>
  <testcase name="When1L_AND_0MLShouldReturnFalse" classname="com.Ankita.QuantityMeasuremnet.QuantityMeasurementTestClassForVolume" time="0.008"/>
  <system-out><![CDATA[]]></system-out>
  <system-err><![CDATA[]]></system-err>
</testsuite>
