<?xml version="1.0" encoding="UTF-8"?>
<testsuite name="com.Ankita.QuantityMeasuremnet.QuantityMeasurementTestClassForTemprature" tests="1" skipped="0" failures="0" errors="0" timestamp="2021-04-25T19:44:39" hostname="DESKTOP-FCSHS5L" time="0.011">
  <properties/>
  <testcase name="When0degreeF_AND_refrenceValueShouldReturnFalse" classname="com.Ankita.QuantityMeasuremnet.QuantityMeasurementTestClassForTemprature" time="0.011"/>
  <system-out><![CDATA[]]></system-out>
  <system-err><![CDATA[]]></system-err>
</testsuite>
