<?xml version="1.0" encoding="UTF-8"?>
<testsuite name="com.Ankita.QuantityMeasuremnet.QuantityyMeasurementTestClassForWeight" tests="18" skipped="0" failures="0" errors="0" timestamp="2021-04-29T20:30:56" hostname="DESKTOP-FCSHS5L" time="0.043">
  <properties/>
  <testcase name="GivenWhen1kg_AND_1kgValueShouldReturnEQUAL" classname="com.Ankita.QuantityMeasuremnet.QuantityyMeasurementTestClassForWeight" time="0.002"/>
  <testcase name="GivenWhen1Kilogram_AND_1gramValueShouldReturnFalse" classname="com.Ankita.QuantityMeasuremnet.QuantityyMeasurementTestClassForWeight" time="0.002"/>
  <testcase name="GivenWhen0Tones_AND_NullShouldReturnfalse" classname="com.Ankita.QuantityMeasuremnet.QuantityyMeasurementTestClassForWeight" time="0.001"/>
  <testcase name="GivenWhen1gram_AND_1gramValueShouldReturnEQUAL" classname="com.Ankita.QuantityMeasuremnet.QuantityyMeasurementTestClassForWeight" time="0.001"/>
  <testcase name="GivenWhen0Kg_AND_0KgShouldReturnEqual" classname="com.Ankita.QuantityMeasuremnet.QuantityyMeasurementTestClassForWeight" time="0.0"/>
  <testcase name="GivenWhen1Tone_AND_1ToneValueShouldReturnEQUAL" classname="com.Ankita.QuantityMeasuremnet.QuantityyMeasurementTestClassForWeight" time="0.001"/>
  <testcase name="GivenWhen0grams_AND_0gramsShouldReturnEqual" classname="com.Ankita.QuantityMeasuremnet.QuantityyMeasurementTestClassForWeight" time="0.002"/>
  <testcase name="GivenWhen1Tone_AND_1KgValueShouldReturnEQUAL" classname="com.Ankita.QuantityMeasuremnet.QuantityyMeasurementTestClassForWeight" time="0.003"/>
  <testcase name="GivenWhen1Kilogram_AND_1000gramValueShouldReturnTrue" classname="com.Ankita.QuantityMeasuremnet.QuantityyMeasurementTestClassForWeight" time="0.002"/>
  <testcase name="GivenWhen0gram_AND_ReferenceValueShouldReturnfalse" classname="com.Ankita.QuantityMeasuremnet.QuantityyMeasurementTestClassForWeight" time="0.001"/>
  <testcase name="GivenWhen0Tone_AND_0ToneShouldReturnEqual" classname="com.Ankita.QuantityMeasuremnet.QuantityyMeasurementTestClassForWeight" time="0.002"/>
  <testcase name="GivenWhen0Tone_AND_0KgValueShouldReturnEQUAL" classname="com.Ankita.QuantityMeasuremnet.QuantityyMeasurementTestClassForWeight" time="0.002"/>
  <testcase name="GivenWhen0gram_AND_NullShouldReturnfalse" classname="com.Ankita.QuantityMeasuremnet.QuantityyMeasurementTestClassForWeight" time="0.002"/>
  <testcase name="GivenWhen0Kg_AND_NullShouldReturnfalse" classname="com.Ankita.QuantityMeasuremnet.QuantityyMeasurementTestClassForWeight" time="0.002"/>
  <testcase name="GivenWhen1Tone_AND_1000KgValueShouldReturnEQUAL" classname="com.Ankita.QuantityMeasuremnet.QuantityyMeasurementTestClassForWeight" time="0.001"/>
  <testcase name="GivenWhen0Kilogram_AND_0gramValueShouldReturnTrue" classname="com.Ankita.QuantityMeasuremnet.QuantityyMeasurementTestClassForWeight" time="0.004"/>
  <testcase name="GivenWhen0Kg_AND_ReferenceValueShouldReturnfalse" classname="com.Ankita.QuantityMeasuremnet.QuantityyMeasurementTestClassForWeight" time="0.0"/>
  <testcase name="GivenWhen0Tone_AND_ReferenceValueShouldReturnfalse" classname="com.Ankita.QuantityMeasuremnet.QuantityyMeasurementTestClassForWeight" time="0.0"/>
  <system-out><![CDATA[]]></system-out>
  <system-err><![CDATA[]]></system-err>
</testsuite>
