<?xml version="1.0" encoding="UTF-8"?>
<testsuite name="com.Ankita.QuantityMeasuremnet.QuantityyMeasurementTestClassForWeight" tests="12" skipped="0" failures="0" errors="0" timestamp="2021-04-25T16:28:25" hostname="DESKTOP-FCSHS5L" time="0.052">
  <properties/>
  <testcase name="When1kg_AND_1kgValueShouldReturnEQUAL" classname="com.Ankita.QuantityMeasuremnet.QuantityyMeasurementTestClassForWeight" time="0.016"/>
  <testcase name="When0grams_AND_0gramsShouldReturnEqual" classname="com.Ankita.QuantityMeasuremnet.QuantityyMeasurementTestClassForWeight" time="0.002"/>
  <testcase name="When0Kg_AND_NullShouldReturnfalse" classname="com.Ankita.QuantityMeasuremnet.QuantityyMeasurementTestClassForWeight" time="0.0"/>
  <testcase name="When0Tone_AND_0ToneShouldReturnEqual" classname="com.Ankita.QuantityMeasuremnet.QuantityyMeasurementTestClassForWeight" time="0.0"/>
  <testcase name="When0Kg_AND_ReferenceValueShouldReturnfalse" classname="com.Ankita.QuantityMeasuremnet.QuantityyMeasurementTestClassForWeight" time="0.001"/>
  <testcase name="When0gram_AND_NullShouldReturnfalse" classname="com.Ankita.QuantityMeasuremnet.QuantityyMeasurementTestClassForWeight" time="0.002"/>
  <testcase name="When0Kilogram_AND_0gramValueShouldReturnTrue" classname="com.Ankita.QuantityMeasuremnet.QuantityyMeasurementTestClassForWeight" time="0.003"/>
  <testcase name="When0Kg_AND_0KgShouldReturnEqual" classname="com.Ankita.QuantityMeasuremnet.QuantityyMeasurementTestClassForWeight" time="0.001"/>
  <testcase name="When1Kilogram_AND_1gramValueShouldReturnFalse" classname="com.Ankita.QuantityMeasuremnet.QuantityyMeasurementTestClassForWeight" time="0.002"/>
  <testcase name="When1gram_AND_1gramValueShouldReturnEQUAL" classname="com.Ankita.QuantityMeasuremnet.QuantityyMeasurementTestClassForWeight" time="0.001"/>
  <testcase name="When0gram_AND_ReferenceValueShouldReturnfalse" classname="com.Ankita.QuantityMeasuremnet.QuantityyMeasurementTestClassForWeight" time="0.0"/>
  <testcase name="When1Kilogram_AND_1000gramValueShouldReturnTrue" classname="com.Ankita.QuantityMeasuremnet.QuantityyMeasurementTestClassForWeight" time="0.003"/>
  <system-out><![CDATA[]]></system-out>
  <system-err><![CDATA[]]></system-err>
</testsuite>
