<?xml version="1.0" encoding="UTF-8"?>
<testsuite name="com.Ankita.QuantityMeasuremnet.QuantityMeasurementTestClassForTemprature" tests="1" skipped="0" failures="0" errors="0" timestamp="2021-04-25T19:30:07" hostname="DESKTOP-FCSHS5L" time="0.008">
  <properties/>
  <testcase name="When0Celcius_AND_0CelciusShouldReturnTrue" classname="com.Ankita.QuantityMeasuremnet.QuantityMeasurementTestClassForTemprature" time="0.008"/>
  <system-out><![CDATA[]]></system-out>
  <system-err><![CDATA[]]></system-err>
</testsuite>
