<?xml version="1.0" encoding="UTF-8"?>
<testsuite name="com.Ankita.QuantityMeasuremnet.QuantityMeasurementAddition" tests="7" skipped="0" failures="0" errors="0" timestamp="2021-04-30T00:35:24" hostname="DESKTOP-FCSHS5L" time="0.04">
  <properties/>
  <testcase name="given_ValuesInGallonAndLitres_AddToGiveValuesInLitres" classname="com.Ankita.QuantityMeasuremnet.QuantityMeasurementAddition" time="0.015"/>
  <testcase name="given_ValuesInLitresAndMillilitres_AddToGiveValuesInLitres" classname="com.Ankita.QuantityMeasuremnet.QuantityMeasurementAddition" time="0.001"/>
  <testcase name="given_ValuesInFeetAndInches_AddToGiveValuesInInch" classname="com.Ankita.QuantityMeasuremnet.QuantityMeasurementAddition" time="0.009"/>
  <testcase name="given_ValuesInInchAndCM_AddToGiveValuesInInch" classname="com.Ankita.QuantityMeasuremnet.QuantityMeasurementAddition" time="0.002"/>
  <testcase name="given_ValuesInInches_AddToGiveValuesInInch" classname="com.Ankita.QuantityMeasuremnet.QuantityMeasurementAddition" time="0.002"/>
  <testcase name="given_ValuesInTonAndGrams_AddToGiveValuesInKg" classname="com.Ankita.QuantityMeasuremnet.QuantityMeasurementAddition" time="0.004"/>
  <testcase name="given_ValuesInFeet_AddToGiveValuesInInch" classname="com.Ankita.QuantityMeasuremnet.QuantityMeasurementAddition" time="0.002"/>
  <system-out><![CDATA[7560.0
2000.0
7.58
1001000.0
]]></system-out>
  <system-err><![CDATA[]]></system-err>
</testsuite>
